Determining if the pthread_create exist failed with the following output:
Change Dir: /home/ganam/s/build/CMakeFiles/CMakeTmp

Run Build Command:"/usr/bin/make" "cmTryCompileExec235717582/fast"
/usr/bin/make -f CMakeFiles/cmTryCompileExec235717582.dir/build.make CMakeFiles/cmTryCompileExec235717582.dir/build
make[1]: Entering directory '/home/ganam/s/build/CMakeFiles/CMakeTmp'
/usr/bin/cmake -E cmake_progress_report /home/ganam/s/build/CMakeFiles/CMakeTmp/CMakeFiles 1
Building C object CMakeFiles/cmTryCompileExec235717582.dir/CheckSymbolExists.c.o
/usr/bin/cc    -o CMakeFiles/cmTryCompileExec235717582.dir/CheckSymbolExists.c.o   -c /home/ganam/s/build/CMakeFiles/CMakeTmp/CheckSymbolExists.c
Linking C executable cmTryCompileExec235717582
/usr/bin/cmake -E cmake_link_script CMakeFiles/cmTryCompileExec235717582.dir/link.txt --verbose=1
/usr/bin/cc       CMakeFiles/cmTryCompileExec235717582.dir/CheckSymbolExists.c.o  -o cmTryCompileExec235717582 -rdynamic 
CMakeFiles/cmTryCompileExec235717582.dir/CheckSymbolExists.c.o: In function `main':
CheckSymbolExists.c:(.text+0x16): undefined reference to `pthread_create'
collect2: error: ld returned 1 exit status
CMakeFiles/cmTryCompileExec235717582.dir/build.make:88: recipe for target 'cmTryCompileExec235717582' failed
make[1]: Leaving directory '/home/ganam/s/build/CMakeFiles/CMakeTmp'
make[1]: *** [cmTryCompileExec235717582] Error 1
Makefile:118: recipe for target 'cmTryCompileExec235717582/fast' failed
make: *** [cmTryCompileExec235717582/fast] Error 2

File /home/ganam/s/build/CMakeFiles/CMakeTmp/CheckSymbolExists.c:
/* */
#include <pthread.h>

int main(int argc, char** argv)
{
  (void)argv;
#ifndef pthread_create
  return ((int*)(&pthread_create))[argc];
#else
  (void)argc;
  return 0;
#endif
}

Determining if the function pthread_create exists in the pthreads failed with the following output:
Change Dir: /home/ganam/s/build/CMakeFiles/CMakeTmp

Run Build Command:"/usr/bin/make" "cmTryCompileExec1116954655/fast"
/usr/bin/make -f CMakeFiles/cmTryCompileExec1116954655.dir/build.make CMakeFiles/cmTryCompileExec1116954655.dir/build
make[1]: Entering directory '/home/ganam/s/build/CMakeFiles/CMakeTmp'
/usr/bin/cmake -E cmake_progress_report /home/ganam/s/build/CMakeFiles/CMakeTmp/CMakeFiles 1
Building C object CMakeFiles/cmTryCompileExec1116954655.dir/CheckFunctionExists.c.o
/usr/bin/cc   -DCHECK_FUNCTION_EXISTS=pthread_create   -o CMakeFiles/cmTryCompileExec1116954655.dir/CheckFunctionExists.c.o   -c /usr/share/cmake-3.0/Modules/CheckFunctionExists.c
Linking C executable cmTryCompileExec1116954655
/usr/bin/cmake -E cmake_link_script CMakeFiles/cmTryCompileExec1116954655.dir/link.txt --verbose=1
/usr/bin/cc   -DCHECK_FUNCTION_EXISTS=pthread_create    CMakeFiles/cmTryCompileExec1116954655.dir/CheckFunctionExists.c.o  -o cmTryCompileExec1116954655 -rdynamic -lpthreads 
/usr/bin/ld: cannot find -lpthreads
collect2: error: ld returned 1 exit status
CMakeFiles/cmTryCompileExec1116954655.dir/build.make:88: recipe for target 'cmTryCompileExec1116954655' failed
make[1]: *** [cmTryCompileExec1116954655] Error 1
make[1]: Leaving directory '/home/ganam/s/build/CMakeFiles/CMakeTmp'
Makefile:118: recipe for target 'cmTryCompileExec1116954655/fast' failed
make: *** [cmTryCompileExec1116954655/fast] Error 2


